<?xml version="1.0" encoding="UTF-8"?>
<testsuite xmlns:xsi="http://www.w3.org/2001/XMLSchema-instance" xsi:noNamespaceSchemaLocation="https://maven.apache.org/surefire/maven-surefire-plugin/xsd/surefire-test-report-3.0.xsd" version="3.0" name="dev.douglas.runners.RunnerFuncionalTest" time="12.59" tests="3" errors="0" skipped="0" failures="0">
  <properties>
    <property name="sun.desktop" value="windows"/>
    <property name="awt.toolkit" value="sun.awt.windows.WToolkit"/>
    <property name="java.specification.version" value="11"/>
    <property name="sun.cpu.isalist" value="amd64"/>
    <property name="sun.jnu.encoding" value="Cp1252"/>
    <property name="java.class.path" value="C:\Users\Douglas\eclipse-workspace\cucumber-pratice\target\test-classes;C:\Users\Douglas\eclipse-workspace\cucumber-pratice\target\classes;C:\Users\Douglas\.m2\repository\io\cucumber\cucumber-java\4.8.0\cucumber-java-4.8.0.jar;C:\Users\Douglas\.m2\repository\io\cucumber\cucumber-core\4.8.0\cucumber-core-4.8.0.jar;C:\Users\Douglas\.m2\repository\io\cucumber\gherkin\5.1.0\gherkin-5.1.0.jar;C:\Users\Douglas\.m2\repository\io\cucumber\tag-expressions\1.1.1\tag-expressions-1.1.1.jar;C:\Users\Douglas\.m2\repository\io\cucumber\cucumber-expressions\7.0.2\cucumber-expressions-7.0.2.jar;C:\Users\Douglas\.m2\repository\io\cucumber\datatable\1.1.14\datatable-1.1.14.jar;C:\Users\Douglas\.m2\repository\io\cucumber\datatable-dependencies\1.1.14\datatable-dependencies-1.1.14.jar;C:\Users\Douglas\.m2\repository\org\apiguardian\apiguardian-api\1.1.0\apiguardian-api-1.1.0.jar;C:\Users\Douglas\.m2\repository\io\cucumber\cucumber-junit\4.8.0\cucumber-junit-4.8.0.jar;C:\Users\Douglas\.m2\repository\junit\junit\4.12\junit-4.12.jar;C:\Users\Douglas\.m2\repository\org\hamcrest\hamcrest-core\1.3\hamcrest-core-1.3.jar;C:\Users\Douglas\.m2\repository\org\seleniumhq\selenium\selenium-java\3.11.0\selenium-java-3.11.0.jar;C:\Users\Douglas\.m2\repository\org\seleniumhq\selenium\selenium-api\3.11.0\selenium-api-3.11.0.jar;C:\Users\Douglas\.m2\repository\org\seleniumhq\selenium\selenium-chrome-driver\3.11.0\selenium-chrome-driver-3.11.0.jar;C:\Users\Douglas\.m2\repository\org\seleniumhq\selenium\selenium-edge-driver\3.11.0\selenium-edge-driver-3.11.0.jar;C:\Users\Douglas\.m2\repository\org\seleniumhq\selenium\selenium-firefox-driver\3.11.0\selenium-firefox-driver-3.11.0.jar;C:\Users\Douglas\.m2\repository\org\seleniumhq\selenium\selenium-ie-driver\3.11.0\selenium-ie-driver-3.11.0.jar;C:\Users\Douglas\.m2\repository\org\seleniumhq\selenium\selenium-opera-driver\3.11.0\selenium-opera-driver-3.11.0.jar;C:\Users\Douglas\.m2\repository\org\seleniumhq\selenium\selenium-remote-driver\3.11.0\selenium-remote-driver-3.11.0.jar;C:\Users\Douglas\.m2\repository\org\seleniumhq\selenium\selenium-safari-driver\3.11.0\selenium-safari-driver-3.11.0.jar;C:\Users\Douglas\.m2\repository\org\seleniumhq\selenium\selenium-support\3.11.0\selenium-support-3.11.0.jar;C:\Users\Douglas\.m2\repository\net\bytebuddy\byte-buddy\1.7.9\byte-buddy-1.7.9.jar;C:\Users\Douglas\.m2\repository\org\apache\commons\commons-exec\1.3\commons-exec-1.3.jar;C:\Users\Douglas\.m2\repository\commons-codec\commons-codec\1.10\commons-codec-1.10.jar;C:\Users\Douglas\.m2\repository\commons-logging\commons-logging\1.2\commons-logging-1.2.jar;C:\Users\Douglas\.m2\repository\com\google\code\gson\gson\2.8.2\gson-2.8.2.jar;C:\Users\Douglas\.m2\repository\com\google\guava\guava\23.6-jre\guava-23.6-jre.jar;C:\Users\Douglas\.m2\repository\com\google\code\findbugs\jsr305\1.3.9\jsr305-1.3.9.jar;C:\Users\Douglas\.m2\repository\org\checkerframework\checker-compat-qual\2.0.0\checker-compat-qual-2.0.0.jar;C:\Users\Douglas\.m2\repository\com\google\errorprone\error_prone_annotations\2.1.3\error_prone_annotations-2.1.3.jar;C:\Users\Douglas\.m2\repository\com\google\j2objc\j2objc-annotations\1.1\j2objc-annotations-1.1.jar;C:\Users\Douglas\.m2\repository\org\codehaus\mojo\animal-sniffer-annotations\1.14\animal-sniffer-annotations-1.14.jar;C:\Users\Douglas\.m2\repository\org\apache\httpcomponents\httpclient\4.5.3\httpclient-4.5.3.jar;C:\Users\Douglas\.m2\repository\org\apache\httpcomponents\httpcore\4.4.6\httpcore-4.4.6.jar;C:\Users\Douglas\.m2\repository\com\squareup\okhttp3\okhttp\3.9.1\okhttp-3.9.1.jar;C:\Users\Douglas\.m2\repository\com\squareup\okio\okio\1.13.0\okio-1.13.0.jar;C:\Users\Douglas\.m2\repository\commons-io\commons-io\2.6\commons-io-2.6.jar;"/>
    <property name="java.vm.vendor" value="Oracle Corporation"/>
    <property name="sun.arch.data.model" value="64"/>
    <property name="user.variant" value=""/>
    <property name="java.vendor.url" value="https://openjdk.java.net/"/>
    <property name="user.timezone" value="America/Sao_Paulo"/>
    <property name="java.vm.specification.version" value="11"/>
    <property name="os.name" value="Windows 11"/>
    <property name="sun.java.launcher" value="SUN_STANDARD"/>
    <property name="user.country" value="BR"/>
    <property name="sun.boot.library.path" value="C:\Program Files\Java\jdk-11.0.16\bin"/>
    <property name="sun.java.command" value="C:\Users\Douglas\AppData\Local\Temp\surefire17920380934825839343\surefirebooter-20230422093151073_3.jar C:\Users\Douglas\AppData\Local\Temp\surefire17920380934825839343 2023-04-22T09-31-50_837-jvmRun1 surefire-20230422093151073_1tmp surefire_0-20230422093151073_2tmp"/>
    <property name="jdk.debug" value="release"/>
    <property name="surefire.test.class.path" value="C:\Users\Douglas\eclipse-workspace\cucumber-pratice\target\test-classes;C:\Users\Douglas\eclipse-workspace\cucumber-pratice\target\classes;C:\Users\Douglas\.m2\repository\io\cucumber\cucumber-java\4.8.0\cucumber-java-4.8.0.jar;C:\Users\Douglas\.m2\repository\io\cucumber\cucumber-core\4.8.0\cucumber-core-4.8.0.jar;C:\Users\Douglas\.m2\repository\io\cucumber\gherkin\5.1.0\gherkin-5.1.0.jar;C:\Users\Douglas\.m2\repository\io\cucumber\tag-expressions\1.1.1\tag-expressions-1.1.1.jar;C:\Users\Douglas\.m2\repository\io\cucumber\cucumber-expressions\7.0.2\cucumber-expressions-7.0.2.jar;C:\Users\Douglas\.m2\repository\io\cucumber\datatable\1.1.14\datatable-1.1.14.jar;C:\Users\Douglas\.m2\repository\io\cucumber\datatable-dependencies\1.1.14\datatable-dependencies-1.1.14.jar;C:\Users\Douglas\.m2\repository\org\apiguardian\apiguardian-api\1.1.0\apiguardian-api-1.1.0.jar;C:\Users\Douglas\.m2\repository\io\cucumber\cucumber-junit\4.8.0\cucumber-junit-4.8.0.jar;C:\Users\Douglas\.m2\repository\junit\junit\4.12\junit-4.12.jar;C:\Users\Douglas\.m2\repository\org\hamcrest\hamcrest-core\1.3\hamcrest-core-1.3.jar;C:\Users\Douglas\.m2\repository\org\seleniumhq\selenium\selenium-java\3.11.0\selenium-java-3.11.0.jar;C:\Users\Douglas\.m2\repository\org\seleniumhq\selenium\selenium-api\3.11.0\selenium-api-3.11.0.jar;C:\Users\Douglas\.m2\repository\org\seleniumhq\selenium\selenium-chrome-driver\3.11.0\selenium-chrome-driver-3.11.0.jar;C:\Users\Douglas\.m2\repository\org\seleniumhq\selenium\selenium-edge-driver\3.11.0\selenium-edge-driver-3.11.0.jar;C:\Users\Douglas\.m2\repository\org\seleniumhq\selenium\selenium-firefox-driver\3.11.0\selenium-firefox-driver-3.11.0.jar;C:\Users\Douglas\.m2\repository\org\seleniumhq\selenium\selenium-ie-driver\3.11.0\selenium-ie-driver-3.11.0.jar;C:\Users\Douglas\.m2\repository\org\seleniumhq\selenium\selenium-opera-driver\3.11.0\selenium-opera-driver-3.11.0.jar;C:\Users\Douglas\.m2\repository\org\seleniumhq\selenium\selenium-remote-driver\3.11.0\selenium-remote-driver-3.11.0.jar;C:\Users\Douglas\.m2\repository\org\seleniumhq\selenium\selenium-safari-driver\3.11.0\selenium-safari-driver-3.11.0.jar;C:\Users\Douglas\.m2\repository\org\seleniumhq\selenium\selenium-support\3.11.0\selenium-support-3.11.0.jar;C:\Users\Douglas\.m2\repository\net\bytebuddy\byte-buddy\1.7.9\byte-buddy-1.7.9.jar;C:\Users\Douglas\.m2\repository\org\apache\commons\commons-exec\1.3\commons-exec-1.3.jar;C:\Users\Douglas\.m2\repository\commons-codec\commons-codec\1.10\commons-codec-1.10.jar;C:\Users\Douglas\.m2\repository\commons-logging\commons-logging\1.2\commons-logging-1.2.jar;C:\Users\Douglas\.m2\repository\com\google\code\gson\gson\2.8.2\gson-2.8.2.jar;C:\Users\Douglas\.m2\repository\com\google\guava\guava\23.6-jre\guava-23.6-jre.jar;C:\Users\Douglas\.m2\repository\com\google\code\findbugs\jsr305\1.3.9\jsr305-1.3.9.jar;C:\Users\Douglas\.m2\repository\org\checkerframework\checker-compat-qual\2.0.0\checker-compat-qual-2.0.0.jar;C:\Users\Douglas\.m2\repository\com\google\errorprone\error_prone_annotations\2.1.3\error_prone_annotations-2.1.3.jar;C:\Users\Douglas\.m2\repository\com\google\j2objc\j2objc-annotations\1.1\j2objc-annotations-1.1.jar;C:\Users\Douglas\.m2\repository\org\codehaus\mojo\animal-sniffer-annotations\1.14\animal-sniffer-annotations-1.14.jar;C:\Users\Douglas\.m2\repository\org\apache\httpcomponents\httpclient\4.5.3\httpclient-4.5.3.jar;C:\Users\Douglas\.m2\repository\org\apache\httpcomponents\httpcore\4.4.6\httpcore-4.4.6.jar;C:\Users\Douglas\.m2\repository\com\squareup\okhttp3\okhttp\3.9.1\okhttp-3.9.1.jar;C:\Users\Douglas\.m2\repository\com\squareup\okio\okio\1.13.0\okio-1.13.0.jar;C:\Users\Douglas\.m2\repository\commons-io\commons-io\2.6\commons-io-2.6.jar;"/>
    <property name="sun.cpu.endian" value="little"/>
    <property name="user.home" value="C:\Users\Douglas"/>
    <property name="user.language" value="pt"/>
    <property name="java.specification.vendor" value="Oracle Corporation"/>
    <property name="java.version.date" value="2022-07-19"/>
    <property name="java.home" value="C:\Program Files\Java\jdk-11.0.16"/>
    <property name="file.separator" value="\"/>
    <property name="basedir" value="C:\Users\Douglas\eclipse-workspace\cucumber-pratice"/>
    <property name="java.vm.compressedOopsMode" value="Zero based"/>
    <property name="line.separator" value="&#10;"/>
    <property name="java.specification.name" value="Java Platform API Specification"/>
    <property name="java.vm.specification.vendor" value="Oracle Corporation"/>
    <property name="java.awt.graphicsenv" value="sun.awt.Win32GraphicsEnvironment"/>
    <property name="surefire.real.class.path" value="C:\Users\Douglas\AppData\Local\Temp\surefire17920380934825839343\surefirebooter-20230422093151073_3.jar"/>
    <property name="user.script" value=""/>
    <property name="sun.management.compiler" value="HotSpot 64-Bit Tiered Compilers"/>
    <property name="java.runtime.version" value="11.0.16+11-LTS-199"/>
    <property name="user.name" value="Douglas Santiago"/>
    <property name="path.separator" value=";"/>
    <property name="os.version" value="10.0"/>
    <property name="java.runtime.name" value="Java(TM) SE Runtime Environment"/>
    <property name="file.encoding" value="Cp1252"/>
    <property name="java.vm.name" value="Java HotSpot(TM) 64-Bit Server VM"/>
    <property name="java.vendor.version" value="18.9"/>
    <property name="localRepository" value="C:\Users\Douglas\.m2\repository"/>
    <property name="java.vendor.url.bug" value="https://bugreport.java.com/bugreport/"/>
    <property name="java.io.tmpdir" value="C:\Users\Douglas\AppData\Local\Temp\"/>
    <property name="java.version" value="11.0.16"/>
    <property name="user.dir" value="C:\Users\Douglas\eclipse-workspace\cucumber-pratice"/>
    <property name="os.arch" value="amd64"/>
    <property name="java.vm.specification.name" value="Java Virtual Machine Specification"/>
    <property name="java.awt.printerjob" value="sun.awt.windows.WPrinterJob"/>
    <property name="sun.os.patch.level" value=""/>
    <property name="java.library.path" value="C:\Program Files\Java\jdk-11.0.16\bin;C:\WINDOWS\Sun\Java\bin;C:\WINDOWS\system32;C:\WINDOWS;C:\dbhomeXE\dbhomeXE\bin;C:\Users\Douglas\Downloads\WINDOWS.X64_193000_db_home\bin;C:\Program Files\Common Files\Oracle\Java\javapath;C:\Python310\Scripts\;C:\Python310\;C:\WINDOWS\system32;C:\WINDOWS;C:\WINDOWS\System32\Wbem;C:\WINDOWS\System32\WindowsPowerShell\v1.0\;C:\WINDOWS\System32\OpenSSH\;C:\Program Files\nodejs\;C:\ProgramData\chocolatey\bin;C:\Program Files\Git\cmd;C:\Program Files (x86)\Microsoft SQL Server\160\Tools\Binn\;C:\Program Files\Microsoft SQL Server\160\Tools\Binn\;C:\Program Files\Microsoft SQL Server\Client SDK\ODBC\170\Tools\Binn\;C:\Program Files\Microsoft SQL Server\160\DTS\Binn\;C:\Program Files (x86)\Microsoft SQL Server\160\DTS\Binn\;C:\Program Files\Azure Data Studio\bin;C:\Apache Maven\apache-maven-3.9.0\bin;C:\Users\Douglas\AppData\Local\Microsoft\WindowsApps;C:\Users\Douglas\AppData\Local\Programs\Microsoft VS Code\bin;C:\Users\Douglas\AppData\Roaming\npm;C:\Gradle\gradle-8.0.2\bin;."/>
    <property name="java.vendor" value="Oracle Corporation"/>
    <property name="java.vm.info" value="mixed mode"/>
    <property name="java.vm.version" value="11.0.16+11-LTS-199"/>
    <property name="sun.io.unicode.encoding" value="UnicodeLittle"/>
    <property name="java.class.version" value="55.0"/>
  </properties>
  <testcase name="Deve validar regras cadastro contas" classname="Cadastro de contas" time="3.299">
    <system-out><![CDATA[@funcionais
Funcionalidade: Cadastro de contas
	Como um usuário 
	Gostaria de cadastrar contas
	Para que eu possa distribuir meu dinheiro de uma forma mais organizada

  Esquema do Cenário: Deve validar regras cadastro contas &amp#27;[90m# src/test/resources/features/inserir_conta.feature:18&amp#27;[0m
    &amp#27;[36mQuando informo a conta "<conta>"&amp#27;[0m
    &amp#27;[36mE seleciono Salvar&amp#27;[0m
    &amp#27;[36mEntão recebo a mensagem "<mensagem>"&amp#27;[0m

    Exemplos: 

  Contexto:                                           &amp#27;[90m# src/test/resources/features/inserir_conta.feature:9&amp#27;[0m
    &amp#27;[32mDado &amp#27;[0m&amp#27;[32mque estou acessando a aplicação&amp#27;[0m              &amp#27;[90m# InserirContasSteps.queEstouAcessandoAAplicação()&amp#27;[0m
    &amp#27;[32mQuando &amp#27;[0m&amp#27;[32minformo o usuário "&amp#27;[0m&amp#27;[32m&amp#27;[1mdouglassanti@gmail.com&amp#27;[0m&amp#27;[32m"&amp#27;[0m &amp#27;[90m# InserirContasSteps.informoOUsuário(String)&amp#27;[0m
    &amp#27;[32mE &amp#27;[0m&amp#27;[32ma senha "&amp#27;[0m&amp#27;[32m&amp#27;[1m123456&amp#27;[0m&amp#27;[32m"&amp#27;[0m                                &amp#27;[90m# InserirContasSteps.aSenha(String)&amp#27;[0m
    &amp#27;[32mE &amp#27;[0m&amp#27;[32mseleciono entrar&amp#27;[0m                                &amp#27;[90m# InserirContasSteps.selecionoEntrar()&amp#27;[0m
    &amp#27;[32mEntão &amp#27;[0m&amp#27;[32mvisualizo a página inicial&amp#27;[0m                  &amp#27;[90m# InserirContasSteps.visualizoAPáginaInicial()&amp#27;[0m
    &amp#27;[32mQuando &amp#27;[0m&amp#27;[32mseleciono Contas&amp#27;[0m                           &amp#27;[90m# InserirContasSteps.selecionoContas()&amp#27;[0m
    &amp#27;[32mE &amp#27;[0m&amp#27;[32mseleciono Adicionar&amp#27;[0m                             &amp#27;[90m# InserirContasSteps.selecionoAdicionar()&amp#27;[0m

  @funcionais
  Esquema do Cenário: Deve validar regras cadastro contas   &amp#27;[90m# src/test/resources/features/inserir_conta.feature:25&amp#27;[0m
    &amp#27;[32mQuando &amp#27;[0m&amp#27;[32minformo a conta "&amp#27;[0m&amp#27;[32m&amp#27;[1mConta de Teste&amp#27;[0m&amp#27;[32m"&amp#27;[0m                 &amp#27;[90m# InserirContasSteps.informoAConta(String)&amp#27;[0m
    &amp#27;[32mE &amp#27;[0m&amp#27;[32mseleciono Salvar&amp#27;[0m                                      &amp#27;[90m# InserirContasSteps.selecionoSalvar()&amp#27;[0m
    &amp#27;[32mEntão &amp#27;[0m&amp#27;[32mrecebo a mensagem "&amp#27;[0m&amp#27;[32m&amp#27;[1mConta adicionada com sucesso!&amp#27;[0m&amp#27;[32m"&amp#27;[0m &amp#27;[90m# InserirContasSteps.receboAMensagem(String)&amp#27;[0m
A sintaxe do nome do arquivo, do nome do diretório ou do rótulo do volume está incorreta
]]></system-out>
    <system-err><![CDATA[Starting ChromeDriver 111.0.5563.64 (c710e93d5b63b7095afe8c2c17df34408078439d-refs/branch-heads/5563@{#995}) on port 31560
Only local connections are allowed.
Please see https://chromedriver.chromium.org/security-considerations for suggestions on keeping ChromeDriver safe.
ChromeDriver was started successfully.
[1682166712.510][WARNING]: This version of ChromeDriver has not been tested with Chrome version 112.
abr 22, 2023 9:31:52 AM org.openqa.selenium.remote.ProtocolHandshake createSession
INFO: Detected dialect: W3C
Starting ChromeDriver 111.0.5563.64 (c710e93d5b63b7095afe8c2c17df34408078439d-refs/branch-heads/5563@{#995}) on port 16703
Only local connections are allowed.
Please see https://chromedriver.chromium.org/security-considerations for suggestions on keeping ChromeDriver safe.
ChromeDriver was started successfully.
[1682166715.148][WARNING]: This version of ChromeDriver has not been tested with Chrome version 112.
abr 22, 2023 9:31:55 AM org.openqa.selenium.remote.ProtocolHandshake createSession
INFO: Detected dialect: W3C
]]></system-err>
  </testcase>
  <testcase name="Deve validar regras cadastro contas" classname="Cadastro de contas" time="3.014">
    <system-out><![CDATA[
  Contexto:                                           &amp#27;[90m# src/test/resources/features/inserir_conta.feature:9&amp#27;[0m
    &amp#27;[32mDado &amp#27;[0m&amp#27;[32mque estou acessando a aplicação&amp#27;[0m              &amp#27;[90m# InserirContasSteps.queEstouAcessandoAAplicação()&amp#27;[0m
    &amp#27;[32mQuando &amp#27;[0m&amp#27;[32minformo o usuário "&amp#27;[0m&amp#27;[32m&amp#27;[1mdouglassanti@gmail.com&amp#27;[0m&amp#27;[32m"&amp#27;[0m &amp#27;[90m# InserirContasSteps.informoOUsuário(String)&amp#27;[0m
    &amp#27;[32mE &amp#27;[0m&amp#27;[32ma senha "&amp#27;[0m&amp#27;[32m&amp#27;[1m123456&amp#27;[0m&amp#27;[32m"&amp#27;[0m                                &amp#27;[90m# InserirContasSteps.aSenha(String)&amp#27;[0m
    &amp#27;[32mE &amp#27;[0m&amp#27;[32mseleciono entrar&amp#27;[0m                                &amp#27;[90m# InserirContasSteps.selecionoEntrar()&amp#27;[0m
    &amp#27;[32mEntão &amp#27;[0m&amp#27;[32mvisualizo a página inicial&amp#27;[0m                  &amp#27;[90m# InserirContasSteps.visualizoAPáginaInicial()&amp#27;[0m
    &amp#27;[32mQuando &amp#27;[0m&amp#27;[32mseleciono Contas&amp#27;[0m                           &amp#27;[90m# InserirContasSteps.selecionoContas()&amp#27;[0m
    &amp#27;[32mE &amp#27;[0m&amp#27;[32mseleciono Adicionar&amp#27;[0m                             &amp#27;[90m# InserirContasSteps.selecionoAdicionar()&amp#27;[0m

  @funcionais
  Esquema do Cenário: Deve validar regras cadastro contas &amp#27;[90m# src/test/resources/features/inserir_conta.feature:26&amp#27;[0m
    &amp#27;[32mQuando &amp#27;[0m&amp#27;[32minformo a conta "&amp#27;[0m&amp#27;[32m&amp#27;[1m&amp#27;[0m&amp#27;[32m"&amp#27;[0m                             &amp#27;[90m# InserirContasSteps.informoAConta(String)&amp#27;[0m
    &amp#27;[32mE &amp#27;[0m&amp#27;[32mseleciono Salvar&amp#27;[0m                                    &amp#27;[90m# InserirContasSteps.selecionoSalvar()&amp#27;[0m
    &amp#27;[32mEntão &amp#27;[0m&amp#27;[32mrecebo a mensagem "&amp#27;[0m&amp#27;[32m&amp#27;[1mInforme o nome da conta&amp#27;[0m&amp#27;[32m"&amp#27;[0m     &amp#27;[90m# InserirContasSteps.receboAMensagem(String)&amp#27;[0m
A sintaxe do nome do arquivo, do nome do diretório ou do rótulo do volume está incorreta
]]></system-out>
    <system-err><![CDATA[Starting ChromeDriver 111.0.5563.64 (c710e93d5b63b7095afe8c2c17df34408078439d-refs/branch-heads/5563@{#995}) on port 19303
Only local connections are allowed.
Please see https://chromedriver.chromium.org/security-considerations for suggestions on keeping ChromeDriver safe.
ChromeDriver was started successfully.
[1682166718.436][WARNING]: This version of ChromeDriver has not been tested with Chrome version 112.
abr 22, 2023 9:31:58 AM org.openqa.selenium.remote.ProtocolHandshake createSession
INFO: Detected dialect: W3C
]]></system-err>
  </testcase>
  <testcase name="Deve validar regras cadastro contas" classname="Cadastro de contas" time="3.011">
    <system-out><![CDATA[
  Contexto:                                           &amp#27;[90m# src/test/resources/features/inserir_conta.feature:9&amp#27;[0m
    &amp#27;[32mDado &amp#27;[0m&amp#27;[32mque estou acessando a aplicação&amp#27;[0m              &amp#27;[90m# InserirContasSteps.queEstouAcessandoAAplicação()&amp#27;[0m
    &amp#27;[32mQuando &amp#27;[0m&amp#27;[32minformo o usuário "&amp#27;[0m&amp#27;[32m&amp#27;[1mdouglassanti@gmail.com&amp#27;[0m&amp#27;[32m"&amp#27;[0m &amp#27;[90m# InserirContasSteps.informoOUsuário(String)&amp#27;[0m
    &amp#27;[32mE &amp#27;[0m&amp#27;[32ma senha "&amp#27;[0m&amp#27;[32m&amp#27;[1m123456&amp#27;[0m&amp#27;[32m"&amp#27;[0m                                &amp#27;[90m# InserirContasSteps.aSenha(String)&amp#27;[0m
    &amp#27;[32mE &amp#27;[0m&amp#27;[32mseleciono entrar&amp#27;[0m                                &amp#27;[90m# InserirContasSteps.selecionoEntrar()&amp#27;[0m
    &amp#27;[32mEntão &amp#27;[0m&amp#27;[32mvisualizo a página inicial&amp#27;[0m                  &amp#27;[90m# InserirContasSteps.visualizoAPáginaInicial()&amp#27;[0m
    &amp#27;[32mQuando &amp#27;[0m&amp#27;[32mseleciono Contas&amp#27;[0m                           &amp#27;[90m# InserirContasSteps.selecionoContas()&amp#27;[0m
    &amp#27;[32mE &amp#27;[0m&amp#27;[32mseleciono Adicionar&amp#27;[0m                             &amp#27;[90m# InserirContasSteps.selecionoAdicionar()&amp#27;[0m

  @funcionais
  Esquema do Cenário: Deve validar regras cadastro contas        &amp#27;[90m# src/test/resources/features/inserir_conta.feature:27&amp#27;[0m
    &amp#27;[32mQuando &amp#27;[0m&amp#27;[32minformo a conta "&amp#27;[0m&amp#27;[32m&amp#27;[1mConta mesmo nome&amp#27;[0m&amp#27;[32m"&amp#27;[0m                    &amp#27;[90m# InserirContasSteps.informoAConta(String)&amp#27;[0m
    &amp#27;[32mE &amp#27;[0m&amp#27;[32mseleciono Salvar&amp#27;[0m                                           &amp#27;[90m# InserirContasSteps.selecionoSalvar()&amp#27;[0m
    &amp#27;[32mEntão &amp#27;[0m&amp#27;[32mrecebo a mensagem "&amp#27;[0m&amp#27;[32m&amp#27;[1mJá existe uma conta com esse nome!&amp#27;[0m&amp#27;[32m"&amp#27;[0m &amp#27;[90m# InserirContasSteps.receboAMensagem(String)&amp#27;[0m
A sintaxe do nome do arquivo, do nome do diretório ou do rótulo do volume está incorreta
]]></system-out>
    <system-err><![CDATA[Starting ChromeDriver 111.0.5563.64 (c710e93d5b63b7095afe8c2c17df34408078439d-refs/branch-heads/5563@{#995}) on port 61734
Only local connections are allowed.
Please see https://chromedriver.chromium.org/security-considerations for suggestions on keeping ChromeDriver safe.
ChromeDriver was started successfully.
[1682166721.453][WARNING]: This version of ChromeDriver has not been tested with Chrome version 112.
abr 22, 2023 9:32:01 AM org.openqa.selenium.remote.ProtocolHandshake createSession
INFO: Detected dialect: W3C
]]></system-err>
  </testcase>
</testsuite>