<?xml version="1.0" encoding="UTF-8"?>
<testsuite xmlns:xsi="http://www.w3.org/2001/XMLSchema-instance" xsi:noNamespaceSchemaLocation="https://maven.apache.org/surefire/maven-surefire-plugin/xsd/surefire-test-report-3.0.xsd" version="3.0" name="dev.douglas.runners.RunnerTest" time="0.159" tests="13" errors="0" skipped="0" failures="0">
  <properties>
    <property name="sun.desktop" value="windows"/>
    <property name="awt.toolkit" value="sun.awt.windows.WToolkit"/>
    <property name="java.specification.version" value="11"/>
    <property name="webdriver.chrome.driver" value="C:\drivers\chromedriver.exe"/>
    <property name="sun.cpu.isalist" value="amd64"/>
    <property name="sun.jnu.encoding" value="Cp1252"/>
    <property name="java.class.path" value="C:\Users\Douglas\eclipse-workspace\cucumber-pratice\target\test-classes;C:\Users\Douglas\eclipse-workspace\cucumber-pratice\target\classes;C:\Users\Douglas\.m2\repository\io\cucumber\cucumber-java\4.8.0\cucumber-java-4.8.0.jar;C:\Users\Douglas\.m2\repository\io\cucumber\cucumber-core\4.8.0\cucumber-core-4.8.0.jar;C:\Users\Douglas\.m2\repository\io\cucumber\gherkin\5.1.0\gherkin-5.1.0.jar;C:\Users\Douglas\.m2\repository\io\cucumber\tag-expressions\1.1.1\tag-expressions-1.1.1.jar;C:\Users\Douglas\.m2\repository\io\cucumber\cucumber-expressions\7.0.2\cucumber-expressions-7.0.2.jar;C:\Users\Douglas\.m2\repository\io\cucumber\datatable\1.1.14\datatable-1.1.14.jar;C:\Users\Douglas\.m2\repository\io\cucumber\datatable-dependencies\1.1.14\datatable-dependencies-1.1.14.jar;C:\Users\Douglas\.m2\repository\org\apiguardian\apiguardian-api\1.1.0\apiguardian-api-1.1.0.jar;C:\Users\Douglas\.m2\repository\io\cucumber\cucumber-junit\4.8.0\cucumber-junit-4.8.0.jar;C:\Users\Douglas\.m2\repository\junit\junit\4.12\junit-4.12.jar;C:\Users\Douglas\.m2\repository\org\hamcrest\hamcrest-core\1.3\hamcrest-core-1.3.jar;C:\Users\Douglas\.m2\repository\org\seleniumhq\selenium\selenium-java\3.11.0\selenium-java-3.11.0.jar;C:\Users\Douglas\.m2\repository\org\seleniumhq\selenium\selenium-api\3.11.0\selenium-api-3.11.0.jar;C:\Users\Douglas\.m2\repository\org\seleniumhq\selenium\selenium-chrome-driver\3.11.0\selenium-chrome-driver-3.11.0.jar;C:\Users\Douglas\.m2\repository\org\seleniumhq\selenium\selenium-edge-driver\3.11.0\selenium-edge-driver-3.11.0.jar;C:\Users\Douglas\.m2\repository\org\seleniumhq\selenium\selenium-firefox-driver\3.11.0\selenium-firefox-driver-3.11.0.jar;C:\Users\Douglas\.m2\repository\org\seleniumhq\selenium\selenium-ie-driver\3.11.0\selenium-ie-driver-3.11.0.jar;C:\Users\Douglas\.m2\repository\org\seleniumhq\selenium\selenium-opera-driver\3.11.0\selenium-opera-driver-3.11.0.jar;C:\Users\Douglas\.m2\repository\org\seleniumhq\selenium\selenium-remote-driver\3.11.0\selenium-remote-driver-3.11.0.jar;C:\Users\Douglas\.m2\repository\org\seleniumhq\selenium\selenium-safari-driver\3.11.0\selenium-safari-driver-3.11.0.jar;C:\Users\Douglas\.m2\repository\org\seleniumhq\selenium\selenium-support\3.11.0\selenium-support-3.11.0.jar;C:\Users\Douglas\.m2\repository\net\bytebuddy\byte-buddy\1.7.9\byte-buddy-1.7.9.jar;C:\Users\Douglas\.m2\repository\org\apache\commons\commons-exec\1.3\commons-exec-1.3.jar;C:\Users\Douglas\.m2\repository\commons-codec\commons-codec\1.10\commons-codec-1.10.jar;C:\Users\Douglas\.m2\repository\commons-logging\commons-logging\1.2\commons-logging-1.2.jar;C:\Users\Douglas\.m2\repository\com\google\code\gson\gson\2.8.2\gson-2.8.2.jar;C:\Users\Douglas\.m2\repository\com\google\guava\guava\23.6-jre\guava-23.6-jre.jar;C:\Users\Douglas\.m2\repository\com\google\code\findbugs\jsr305\1.3.9\jsr305-1.3.9.jar;C:\Users\Douglas\.m2\repository\org\checkerframework\checker-compat-qual\2.0.0\checker-compat-qual-2.0.0.jar;C:\Users\Douglas\.m2\repository\com\google\errorprone\error_prone_annotations\2.1.3\error_prone_annotations-2.1.3.jar;C:\Users\Douglas\.m2\repository\com\google\j2objc\j2objc-annotations\1.1\j2objc-annotations-1.1.jar;C:\Users\Douglas\.m2\repository\org\codehaus\mojo\animal-sniffer-annotations\1.14\animal-sniffer-annotations-1.14.jar;C:\Users\Douglas\.m2\repository\org\apache\httpcomponents\httpclient\4.5.3\httpclient-4.5.3.jar;C:\Users\Douglas\.m2\repository\org\apache\httpcomponents\httpcore\4.4.6\httpcore-4.4.6.jar;C:\Users\Douglas\.m2\repository\com\squareup\okhttp3\okhttp\3.9.1\okhttp-3.9.1.jar;C:\Users\Douglas\.m2\repository\com\squareup\okio\okio\1.13.0\okio-1.13.0.jar;C:\Users\Douglas\.m2\repository\commons-io\commons-io\2.6\commons-io-2.6.jar;"/>
    <property name="java.vm.vendor" value="Oracle Corporation"/>
    <property name="sun.arch.data.model" value="64"/>
    <property name="user.variant" value=""/>
    <property name="java.vendor.url" value="https://openjdk.java.net/"/>
    <property name="user.timezone" value="America/Sao_Paulo"/>
    <property name="java.vm.specification.version" value="11"/>
    <property name="os.name" value="Windows 11"/>
    <property name="sun.java.launcher" value="SUN_STANDARD"/>
    <property name="user.country" value="BR"/>
    <property name="sun.boot.library.path" value="C:\Program Files\Java\jdk-11.0.16\bin"/>
    <property name="sun.java.command" value="C:\Users\Douglas\AppData\Local\Temp\surefire17920380934825839343\surefirebooter-20230422093151073_3.jar C:\Users\Douglas\AppData\Local\Temp\surefire17920380934825839343 2023-04-22T09-31-50_837-jvmRun1 surefire-20230422093151073_1tmp surefire_0-20230422093151073_2tmp"/>
    <property name="jdk.debug" value="release"/>
    <property name="surefire.test.class.path" value="C:\Users\Douglas\eclipse-workspace\cucumber-pratice\target\test-classes;C:\Users\Douglas\eclipse-workspace\cucumber-pratice\target\classes;C:\Users\Douglas\.m2\repository\io\cucumber\cucumber-java\4.8.0\cucumber-java-4.8.0.jar;C:\Users\Douglas\.m2\repository\io\cucumber\cucumber-core\4.8.0\cucumber-core-4.8.0.jar;C:\Users\Douglas\.m2\repository\io\cucumber\gherkin\5.1.0\gherkin-5.1.0.jar;C:\Users\Douglas\.m2\repository\io\cucumber\tag-expressions\1.1.1\tag-expressions-1.1.1.jar;C:\Users\Douglas\.m2\repository\io\cucumber\cucumber-expressions\7.0.2\cucumber-expressions-7.0.2.jar;C:\Users\Douglas\.m2\repository\io\cucumber\datatable\1.1.14\datatable-1.1.14.jar;C:\Users\Douglas\.m2\repository\io\cucumber\datatable-dependencies\1.1.14\datatable-dependencies-1.1.14.jar;C:\Users\Douglas\.m2\repository\org\apiguardian\apiguardian-api\1.1.0\apiguardian-api-1.1.0.jar;C:\Users\Douglas\.m2\repository\io\cucumber\cucumber-junit\4.8.0\cucumber-junit-4.8.0.jar;C:\Users\Douglas\.m2\repository\junit\junit\4.12\junit-4.12.jar;C:\Users\Douglas\.m2\repository\org\hamcrest\hamcrest-core\1.3\hamcrest-core-1.3.jar;C:\Users\Douglas\.m2\repository\org\seleniumhq\selenium\selenium-java\3.11.0\selenium-java-3.11.0.jar;C:\Users\Douglas\.m2\repository\org\seleniumhq\selenium\selenium-api\3.11.0\selenium-api-3.11.0.jar;C:\Users\Douglas\.m2\repository\org\seleniumhq\selenium\selenium-chrome-driver\3.11.0\selenium-chrome-driver-3.11.0.jar;C:\Users\Douglas\.m2\repository\org\seleniumhq\selenium\selenium-edge-driver\3.11.0\selenium-edge-driver-3.11.0.jar;C:\Users\Douglas\.m2\repository\org\seleniumhq\selenium\selenium-firefox-driver\3.11.0\selenium-firefox-driver-3.11.0.jar;C:\Users\Douglas\.m2\repository\org\seleniumhq\selenium\selenium-ie-driver\3.11.0\selenium-ie-driver-3.11.0.jar;C:\Users\Douglas\.m2\repository\org\seleniumhq\selenium\selenium-opera-driver\3.11.0\selenium-opera-driver-3.11.0.jar;C:\Users\Douglas\.m2\repository\org\seleniumhq\selenium\selenium-remote-driver\3.11.0\selenium-remote-driver-3.11.0.jar;C:\Users\Douglas\.m2\repository\org\seleniumhq\selenium\selenium-safari-driver\3.11.0\selenium-safari-driver-3.11.0.jar;C:\Users\Douglas\.m2\repository\org\seleniumhq\selenium\selenium-support\3.11.0\selenium-support-3.11.0.jar;C:\Users\Douglas\.m2\repository\net\bytebuddy\byte-buddy\1.7.9\byte-buddy-1.7.9.jar;C:\Users\Douglas\.m2\repository\org\apache\commons\commons-exec\1.3\commons-exec-1.3.jar;C:\Users\Douglas\.m2\repository\commons-codec\commons-codec\1.10\commons-codec-1.10.jar;C:\Users\Douglas\.m2\repository\commons-logging\commons-logging\1.2\commons-logging-1.2.jar;C:\Users\Douglas\.m2\repository\com\google\code\gson\gson\2.8.2\gson-2.8.2.jar;C:\Users\Douglas\.m2\repository\com\google\guava\guava\23.6-jre\guava-23.6-jre.jar;C:\Users\Douglas\.m2\repository\com\google\code\findbugs\jsr305\1.3.9\jsr305-1.3.9.jar;C:\Users\Douglas\.m2\repository\org\checkerframework\checker-compat-qual\2.0.0\checker-compat-qual-2.0.0.jar;C:\Users\Douglas\.m2\repository\com\google\errorprone\error_prone_annotations\2.1.3\error_prone_annotations-2.1.3.jar;C:\Users\Douglas\.m2\repository\com\google\j2objc\j2objc-annotations\1.1\j2objc-annotations-1.1.jar;C:\Users\Douglas\.m2\repository\org\codehaus\mojo\animal-sniffer-annotations\1.14\animal-sniffer-annotations-1.14.jar;C:\Users\Douglas\.m2\repository\org\apache\httpcomponents\httpclient\4.5.3\httpclient-4.5.3.jar;C:\Users\Douglas\.m2\repository\org\apache\httpcomponents\httpcore\4.4.6\httpcore-4.4.6.jar;C:\Users\Douglas\.m2\repository\com\squareup\okhttp3\okhttp\3.9.1\okhttp-3.9.1.jar;C:\Users\Douglas\.m2\repository\com\squareup\okio\okio\1.13.0\okio-1.13.0.jar;C:\Users\Douglas\.m2\repository\commons-io\commons-io\2.6\commons-io-2.6.jar;"/>
    <property name="sun.cpu.endian" value="little"/>
    <property name="user.home" value="C:\Users\Douglas"/>
    <property name="user.language" value="pt"/>
    <property name="java.specification.vendor" value="Oracle Corporation"/>
    <property name="java.version.date" value="2022-07-19"/>
    <property name="java.home" value="C:\Program Files\Java\jdk-11.0.16"/>
    <property name="file.separator" value="\"/>
    <property name="basedir" value="C:\Users\Douglas\eclipse-workspace\cucumber-pratice"/>
    <property name="java.vm.compressedOopsMode" value="Zero based"/>
    <property name="line.separator" value="&#10;"/>
    <property name="java.specification.name" value="Java Platform API Specification"/>
    <property name="java.vm.specification.vendor" value="Oracle Corporation"/>
    <property name="java.awt.graphicsenv" value="sun.awt.Win32GraphicsEnvironment"/>
    <property name="surefire.real.class.path" value="C:\Users\Douglas\AppData\Local\Temp\surefire17920380934825839343\surefirebooter-20230422093151073_3.jar"/>
    <property name="user.script" value=""/>
    <property name="sun.management.compiler" value="HotSpot 64-Bit Tiered Compilers"/>
    <property name="java.runtime.version" value="11.0.16+11-LTS-199"/>
    <property name="user.name" value="Douglas Santiago"/>
    <property name="path.separator" value=";"/>
    <property name="os.version" value="10.0"/>
    <property name="java.runtime.name" value="Java(TM) SE Runtime Environment"/>
    <property name="file.encoding" value="Cp1252"/>
    <property name="java.vm.name" value="Java HotSpot(TM) 64-Bit Server VM"/>
    <property name="java.vendor.version" value="18.9"/>
    <property name="localRepository" value="C:\Users\Douglas\.m2\repository"/>
    <property name="java.vendor.url.bug" value="https://bugreport.java.com/bugreport/"/>
    <property name="java.io.tmpdir" value="C:\Users\Douglas\AppData\Local\Temp\"/>
    <property name="java.version" value="11.0.16"/>
    <property name="user.dir" value="C:\Users\Douglas\eclipse-workspace\cucumber-pratice"/>
    <property name="os.arch" value="amd64"/>
    <property name="java.vm.specification.name" value="Java Virtual Machine Specification"/>
    <property name="java.awt.printerjob" value="sun.awt.windows.WPrinterJob"/>
    <property name="sun.os.patch.level" value=""/>
    <property name="java.library.path" value="C:\Program Files\Java\jdk-11.0.16\bin;C:\WINDOWS\Sun\Java\bin;C:\WINDOWS\system32;C:\WINDOWS;C:\dbhomeXE\dbhomeXE\bin;C:\Users\Douglas\Downloads\WINDOWS.X64_193000_db_home\bin;C:\Program Files\Common Files\Oracle\Java\javapath;C:\Python310\Scripts\;C:\Python310\;C:\WINDOWS\system32;C:\WINDOWS;C:\WINDOWS\System32\Wbem;C:\WINDOWS\System32\WindowsPowerShell\v1.0\;C:\WINDOWS\System32\OpenSSH\;C:\Program Files\nodejs\;C:\ProgramData\chocolatey\bin;C:\Program Files\Git\cmd;C:\Program Files (x86)\Microsoft SQL Server\160\Tools\Binn\;C:\Program Files\Microsoft SQL Server\160\Tools\Binn\;C:\Program Files\Microsoft SQL Server\Client SDK\ODBC\170\Tools\Binn\;C:\Program Files\Microsoft SQL Server\160\DTS\Binn\;C:\Program Files (x86)\Microsoft SQL Server\160\DTS\Binn\;C:\Program Files\Azure Data Studio\bin;C:\Apache Maven\apache-maven-3.9.0\bin;C:\Users\Douglas\AppData\Local\Microsoft\WindowsApps;C:\Users\Douglas\AppData\Local\Programs\Microsoft VS Code\bin;C:\Users\Douglas\AppData\Roaming\npm;C:\Gradle\gradle-8.0.2\bin;."/>
    <property name="java.vendor" value="Oracle Corporation"/>
    <property name="java.vm.info" value="mixed mode"/>
    <property name="java.vm.version" value="11.0.16+11-LTS-199"/>
    <property name="sun.io.unicode.encoding" value="UnicodeLittle"/>
    <property name="java.class.version" value="55.0"/>
  </properties>
  <testcase name="Deve alugar um filme com sucesso" classname="Alugar Filme" time="0.013">
    <system-out><![CDATA[@unitários
Funcionalidade: Alugar Filme
	Como um usuário
	Eu quero cadastrar alugueis de filmes
	Para controlar preços e datas de entrega

  @unitários
  Cenario: Deve alugar um filme com sucesso &amp#27;[90m# src/test/resources/features/alugar_filme.feature:9&amp#27;[0m
    &amp#27;[32mDado &amp#27;[0m&amp#27;[32mum filme&amp#27;[0m                           &amp#27;[90m# AlugarFilmeSteps.umFilme(DataTable)&amp#27;[0m
    &amp#27;[32mQuando &amp#27;[0m&amp#27;[32malugar&amp#27;[0m                           &amp#27;[90m# AlugarFilmeSteps.alugar()&amp#27;[0m
    &amp#27;[32mEntão &amp#27;[0m&amp#27;[32mo preço do aluguel será R$ &amp#27;[0m&amp#27;[32m&amp#27;[1m3&amp#27;[0m      &amp#27;[90m# AlugarFilmeSteps.oPreçoDoAluguelSeráR$(int)&amp#27;[0m
    &amp#27;[32mE &amp#27;[0m&amp#27;[32ma data de entrega será em &amp#27;[0m&amp#27;[32m&amp#27;[1m1&amp#27;[0m&amp#27;[32m dia&amp#27;[0m       &amp#27;[90m# AlugarFilmeSteps.aDataDeEntregaSeráEmDias(int)&amp#27;[0m
    &amp#27;[32mE &amp#27;[0m&amp#27;[32mo estoque do filme será &amp#27;[0m&amp#27;[32m&amp#27;[1m1&amp#27;[0m&amp#27;[32m unidade&amp#27;[0m     &amp#27;[90m# AlugarFilmeSteps.oEstoqueDoFilmeSeráUnidade(int)&amp#27;[0m
]]></system-out>
  </testcase>
  <testcase name="Não deve alugar filme sem estoque" classname="Alugar Filme" time="0.003">
    <system-out><![CDATA[
  @unitários
  Cenario: Não deve alugar filme sem estoque     &amp#27;[90m# src/test/resources/features/alugar_filme.feature:19&amp#27;[0m
    &amp#27;[32mDado &amp#27;[0m&amp#27;[32mum filme com estoque de &amp#27;[0m&amp#27;[32m&amp#27;[1m0&amp#27;[0m&amp#27;[32m unidades&amp#27;[0m      &amp#27;[90m# AlugarFilmeSteps.umFilmeComEstoqueDeUnidades(int)&amp#27;[0m
    &amp#27;[32mQuando &amp#27;[0m&amp#27;[32malugar&amp#27;[0m                                &amp#27;[90m# AlugarFilmeSteps.alugar()&amp#27;[0m
    &amp#27;[32mEntão &amp#27;[0m&amp#27;[32mnão será possível por falta de estoque&amp#27;[0m &amp#27;[90m# AlugarFilmeSteps.nãoSeráPossívelPorFaltaDeEstoque()&amp#27;[0m
    &amp#27;[32mE &amp#27;[0m&amp#27;[32mo estoque do filme será &amp#27;[0m&amp#27;[32m&amp#27;[1m0&amp#27;[0m&amp#27;[32m unidade&amp#27;[0m          &amp#27;[90m# AlugarFilmeSteps.oEstoqueDoFilmeSeráUnidade(int)&amp#27;[0m
]]></system-out>
  </testcase>
  <testcase name="Deve dar condições conforme tipo de aluguel" classname="Alugar Filme" time="0.009">
    <system-out><![CDATA[
  Esquema do Cenário: Deve dar condições conforme tipo de aluguel &amp#27;[90m# src/test/resources/features/alugar_filme.feature:27&amp#27;[0m
    &amp#27;[36mDado um filme com estoque de 2 unidades&amp#27;[0m
    &amp#27;[36mE que o preço de aluguel seja R$ <preco>&amp#27;[0m
    &amp#27;[36mE que o tipo do aluguel seja <tipo>&amp#27;[0m
    &amp#27;[36mQuando alugar&amp#27;[0m
    &amp#27;[36mEntão o preço do aluguel será R$ <valor>&amp#27;[0m
    &amp#27;[36mE a data de entrega será em <qtdDias> dias&amp#27;[0m
    &amp#27;[36mE a pontuação recebida será de <pontuacao> pontos&amp#27;[0m

    Exemplos: 

  @unitários
  Esquema do Cenário: Deve dar condições conforme tipo de aluguel &amp#27;[90m# src/test/resources/features/alugar_filme.feature:39&amp#27;[0m
    &amp#27;[32mDado &amp#27;[0m&amp#27;[32mum filme com estoque de &amp#27;[0m&amp#27;[32m&amp#27;[1m2&amp#27;[0m&amp#27;[32m unidades&amp#27;[0m                       &amp#27;[90m# AlugarFilmeSteps.umFilmeComEstoqueDeUnidades(int)&amp#27;[0m
    &amp#27;[32mE &amp#27;[0m&amp#27;[32mque o preço de aluguel seja R$ &amp#27;[0m&amp#27;[32m&amp#27;[1m4&amp#27;[0m                            &amp#27;[90m# AlugarFilmeSteps.queOPreçoDeAluguelSejaR$(int)&amp#27;[0m
    &amp#27;[32mE &amp#27;[0m&amp#27;[32mque o tipo do aluguel seja &amp#27;[0m&amp#27;[32m&amp#27;[1mextendido&amp#27;[0m                        &amp#27;[90m# AlugarFilmeSteps.queOTipoDoAluguelSejaExtendido(String)&amp#27;[0m
    &amp#27;[32mQuando &amp#27;[0m&amp#27;[32malugar&amp#27;[0m                                                 &amp#27;[90m# AlugarFilmeSteps.alugar()&amp#27;[0m
    &amp#27;[32mEntão &amp#27;[0m&amp#27;[32mo preço do aluguel será R$ &amp#27;[0m&amp#27;[32m&amp#27;[1m8&amp#27;[0m                            &amp#27;[90m# AlugarFilmeSteps.oPreçoDoAluguelSeráR$(int)&amp#27;[0m
    &amp#27;[32mE &amp#27;[0m&amp#27;[32ma data de entrega será em &amp#27;[0m&amp#27;[32m&amp#27;[1m3&amp#27;[0m&amp#27;[32m dias&amp#27;[0m                            &amp#27;[90m# AlugarFilmeSteps.aDataDeEntregaSeráEmDias(int)&amp#27;[0m
    &amp#27;[32mE &amp#27;[0m&amp#27;[32ma pontuação recebida será de &amp#27;[0m&amp#27;[32m&amp#27;[1m2&amp#27;[0m&amp#27;[32m pontos&amp#27;[0m                       &amp#27;[90m# AlugarFilmeSteps.aPontuaçãoRecebidaSeráDePontos(int)&amp#27;[0m
]]></system-out>
  </testcase>
  <testcase name="Deve dar condições conforme tipo de aluguel" classname="Alugar Filme" time="0.005">
    <system-out><![CDATA[
  @unitários
  Esquema do Cenário: Deve dar condições conforme tipo de aluguel &amp#27;[90m# src/test/resources/features/alugar_filme.feature:40&amp#27;[0m
    &amp#27;[32mDado &amp#27;[0m&amp#27;[32mum filme com estoque de &amp#27;[0m&amp#27;[32m&amp#27;[1m2&amp#27;[0m&amp#27;[32m unidades&amp#27;[0m                       &amp#27;[90m# AlugarFilmeSteps.umFilmeComEstoqueDeUnidades(int)&amp#27;[0m
    &amp#27;[32mE &amp#27;[0m&amp#27;[32mque o preço de aluguel seja R$ &amp#27;[0m&amp#27;[32m&amp#27;[1m4&amp#27;[0m                            &amp#27;[90m# AlugarFilmeSteps.queOPreçoDeAluguelSejaR$(int)&amp#27;[0m
    &amp#27;[32mE &amp#27;[0m&amp#27;[32mque o tipo do aluguel seja &amp#27;[0m&amp#27;[32m&amp#27;[1mcomum&amp#27;[0m                            &amp#27;[90m# AlugarFilmeSteps.queOTipoDoAluguelSejaExtendido(String)&amp#27;[0m
    &amp#27;[32mQuando &amp#27;[0m&amp#27;[32malugar&amp#27;[0m                                                 &amp#27;[90m# AlugarFilmeSteps.alugar()&amp#27;[0m
    &amp#27;[32mEntão &amp#27;[0m&amp#27;[32mo preço do aluguel será R$ &amp#27;[0m&amp#27;[32m&amp#27;[1m4&amp#27;[0m                            &amp#27;[90m# AlugarFilmeSteps.oPreçoDoAluguelSeráR$(int)&amp#27;[0m
    &amp#27;[32mE &amp#27;[0m&amp#27;[32ma data de entrega será em &amp#27;[0m&amp#27;[32m&amp#27;[1m1&amp#27;[0m&amp#27;[32m dias&amp#27;[0m                            &amp#27;[90m# AlugarFilmeSteps.aDataDeEntregaSeráEmDias(int)&amp#27;[0m
    &amp#27;[32mE &amp#27;[0m&amp#27;[32ma pontuação recebida será de &amp#27;[0m&amp#27;[32m&amp#27;[1m1&amp#27;[0m&amp#27;[32m pontos&amp#27;[0m                       &amp#27;[90m# AlugarFilmeSteps.aPontuaçãoRecebidaSeráDePontos(int)&amp#27;[0m
]]></system-out>
  </testcase>
  <testcase name="Deve dar condições conforme tipo de aluguel" classname="Alugar Filme" time="0.004">
    <system-out><![CDATA[
  @unitários
  Esquema do Cenário: Deve dar condições conforme tipo de aluguel &amp#27;[90m# src/test/resources/features/alugar_filme.feature:41&amp#27;[0m
    &amp#27;[32mDado &amp#27;[0m&amp#27;[32mum filme com estoque de &amp#27;[0m&amp#27;[32m&amp#27;[1m2&amp#27;[0m&amp#27;[32m unidades&amp#27;[0m                       &amp#27;[90m# AlugarFilmeSteps.umFilmeComEstoqueDeUnidades(int)&amp#27;[0m
    &amp#27;[32mE &amp#27;[0m&amp#27;[32mque o preço de aluguel seja R$ &amp#27;[0m&amp#27;[32m&amp#27;[1m10&amp#27;[0m                           &amp#27;[90m# AlugarFilmeSteps.queOPreçoDeAluguelSejaR$(int)&amp#27;[0m
    &amp#27;[32mE &amp#27;[0m&amp#27;[32mque o tipo do aluguel seja &amp#27;[0m&amp#27;[32m&amp#27;[1mextendido&amp#27;[0m                        &amp#27;[90m# AlugarFilmeSteps.queOTipoDoAluguelSejaExtendido(String)&amp#27;[0m
    &amp#27;[32mQuando &amp#27;[0m&amp#27;[32malugar&amp#27;[0m                                                 &amp#27;[90m# AlugarFilmeSteps.alugar()&amp#27;[0m
    &amp#27;[32mEntão &amp#27;[0m&amp#27;[32mo preço do aluguel será R$ &amp#27;[0m&amp#27;[32m&amp#27;[1m20&amp#27;[0m                           &amp#27;[90m# AlugarFilmeSteps.oPreçoDoAluguelSeráR$(int)&amp#27;[0m
    &amp#27;[32mE &amp#27;[0m&amp#27;[32ma data de entrega será em &amp#27;[0m&amp#27;[32m&amp#27;[1m3&amp#27;[0m&amp#27;[32m dias&amp#27;[0m                            &amp#27;[90m# AlugarFilmeSteps.aDataDeEntregaSeráEmDias(int)&amp#27;[0m
    &amp#27;[32mE &amp#27;[0m&amp#27;[32ma pontuação recebida será de &amp#27;[0m&amp#27;[32m&amp#27;[1m2&amp#27;[0m&amp#27;[32m pontos&amp#27;[0m                       &amp#27;[90m# AlugarFilmeSteps.aPontuaçãoRecebidaSeráDePontos(int)&amp#27;[0m
]]></system-out>
  </testcase>
  <testcase name="Deve dar condições conforme tipo de aluguel" classname="Alugar Filme" time="0.005">
    <system-out><![CDATA[
  @unitários
  Esquema do Cenário: Deve dar condições conforme tipo de aluguel &amp#27;[90m# src/test/resources/features/alugar_filme.feature:42&amp#27;[0m
    &amp#27;[32mDado &amp#27;[0m&amp#27;[32mum filme com estoque de &amp#27;[0m&amp#27;[32m&amp#27;[1m2&amp#27;[0m&amp#27;[32m unidades&amp#27;[0m                       &amp#27;[90m# AlugarFilmeSteps.umFilmeComEstoqueDeUnidades(int)&amp#27;[0m
    &amp#27;[32mE &amp#27;[0m&amp#27;[32mque o preço de aluguel seja R$ &amp#27;[0m&amp#27;[32m&amp#27;[1m5&amp#27;[0m                            &amp#27;[90m# AlugarFilmeSteps.queOPreçoDeAluguelSejaR$(int)&amp#27;[0m
    &amp#27;[32mE &amp#27;[0m&amp#27;[32mque o tipo do aluguel seja &amp#27;[0m&amp#27;[32m&amp#27;[1msemanal&amp#27;[0m                          &amp#27;[90m# AlugarFilmeSteps.queOTipoDoAluguelSejaExtendido(String)&amp#27;[0m
    &amp#27;[32mQuando &amp#27;[0m&amp#27;[32malugar&amp#27;[0m                                                 &amp#27;[90m# AlugarFilmeSteps.alugar()&amp#27;[0m
    &amp#27;[32mEntão &amp#27;[0m&amp#27;[32mo preço do aluguel será R$ &amp#27;[0m&amp#27;[32m&amp#27;[1m15&amp#27;[0m                           &amp#27;[90m# AlugarFilmeSteps.oPreçoDoAluguelSeráR$(int)&amp#27;[0m
    &amp#27;[32mE &amp#27;[0m&amp#27;[32ma data de entrega será em &amp#27;[0m&amp#27;[32m&amp#27;[1m7&amp#27;[0m&amp#27;[32m dias&amp#27;[0m                            &amp#27;[90m# AlugarFilmeSteps.aDataDeEntregaSeráEmDias(int)&amp#27;[0m
    &amp#27;[32mE &amp#27;[0m&amp#27;[32ma pontuação recebida será de &amp#27;[0m&amp#27;[32m&amp#27;[1m3&amp#27;[0m&amp#27;[32m pontos&amp#27;[0m                       &amp#27;[90m# AlugarFilmeSteps.aPontuaçãoRecebidaSeráDePontos(int)&amp#27;[0m
]]></system-out>
  </testcase>
  <testcase name="Deve executar especificação" classname="Aprender Cucumber" time="0.007">
    <system-out><![CDATA[
@unitários
Funcionalidade: Aprender Cucumber
	Como um aluno
	Quero aprender a utilizar Cucumber
	Para que eu possa automatizar critérios de aceitação

  @unitários
  Cenario: Deve executar especificação               &amp#27;[90m# src/test/resources/features/aprender_cucumber.feature:9&amp#27;[0m
    &amp#27;[32mDado &amp#27;[0m&amp#27;[32mque criei o arquivo corretamente&amp#27;[0m            &amp#27;[90m# AprenderCucumberSteps.queCrieiOArquivoCorretamente()&amp#27;[0m
    &amp#27;[32mQuando &amp#27;[0m&amp#27;[32mexecutá-lo&amp#27;[0m                                &amp#27;[90m# AprenderCucumberSteps.executáLo()&amp#27;[0m
    &amp#27;[32mEntão &amp#27;[0m&amp#27;[32ma especificação deve finalizar com sucesso&amp#27;[0m &amp#27;[90m# AprenderCucumberSteps.aEspecificaçãoDeveFinalizarComSucesso()&amp#27;[0m
]]></system-out>
  </testcase>
  <testcase name="Deve incrementar contador" classname="Aprender Cucumber" time="0.003">
    <system-out><![CDATA[
  @unitários @esse
  Cenario: Deve incrementar contador  &amp#27;[90m# src/test/resources/features/aprender_cucumber.feature:15&amp#27;[0m
    &amp#27;[32mDado &amp#27;[0m&amp#27;[32mque o valor do contador é &amp#27;[0m&amp#27;[32m&amp#27;[1m15&amp#27;[0m &amp#27;[90m# AprenderCucumberSteps.queOValorDoContadorÉ(int)&amp#27;[0m
    &amp#27;[32mQuando &amp#27;[0m&amp#27;[32meu incrementar em &amp#27;[0m&amp#27;[32m&amp#27;[1m3&amp#27;[0m        &amp#27;[90m# AprenderCucumberSteps.euIncrementarEm(int)&amp#27;[0m
    &amp#27;[32mEntão &amp#27;[0m&amp#27;[32mo valor do contador será &amp#27;[0m&amp#27;[32m&amp#27;[1m18&amp#27;[0m &amp#27;[90m# AprenderCucumberSteps.oValorDoContadorSerá(int)&amp#27;[0m
]]></system-out>
  </testcase>
  <testcase name="Deve incrementar contador" classname="Aprender Cucumber" time="0.002">
    <system-out><![CDATA[
  @unitários @tipo1
  Cenario: Deve incrementar contador   &amp#27;[90m# src/test/resources/features/aprender_cucumber.feature:21&amp#27;[0m
    &amp#27;[32mDado &amp#27;[0m&amp#27;[32mque o valor do contador é &amp#27;[0m&amp#27;[32m&amp#27;[1m123&amp#27;[0m &amp#27;[90m# AprenderCucumberSteps.queOValorDoContadorÉ(int)&amp#27;[0m
    &amp#27;[32mQuando &amp#27;[0m&amp#27;[32meu incrementar em &amp#27;[0m&amp#27;[32m&amp#27;[1m35&amp#27;[0m        &amp#27;[90m# AprenderCucumberSteps.euIncrementarEm(int)&amp#27;[0m
    &amp#27;[32mEntão &amp#27;[0m&amp#27;[32mo valor do contador será &amp#27;[0m&amp#27;[32m&amp#27;[1m158&amp#27;[0m &amp#27;[90m# AprenderCucumberSteps.oValorDoContadorSerá(int)&amp#27;[0m
]]></system-out>
  </testcase>
  <testcase name="Deve calcular atraso na entrega" classname="Aprender Cucumber" time="0.011">
    <system-out><![CDATA[
  @unitários @tipo2
  Cenario: Deve calcular atraso na entrega      &amp#27;[90m# src/test/resources/features/aprender_cucumber.feature:27&amp#27;[0m
Thu Apr 05 00:00:00 BRT 2018
    &amp#27;[32mDado &amp#27;[0m&amp#27;[32mque a entrega é dia &amp#27;[0m&amp#27;[32m&amp#27;[1m05/04/2018&amp#27;[0m         &amp#27;[90m# AprenderCucumberSteps.queAEntregaÉDia(Date)&amp#27;[0m
    &amp#27;[32mQuando &amp#27;[0m&amp#27;[32ma entrega atrasar em &amp#27;[0m&amp#27;[32m&amp#27;[1m2&amp#27;[0m&amp#27;[32m &amp#27;[0m&amp#27;[32m&amp#27;[1mdias&amp#27;[0m          &amp#27;[90m# AprenderCucumberSteps.aEntregaAtrasarEmDias(int,String)&amp#27;[0m
    &amp#27;[32mEntão &amp#27;[0m&amp#27;[32ma entrega será efetuada em &amp#27;[0m&amp#27;[32m&amp#27;[1m07/04/2018&amp#27;[0m &amp#27;[90m# AprenderCucumberSteps.aEntregaSeráEfetuadaEm(String)&amp#27;[0m
]]></system-out>
  </testcase>
  <testcase name="Deve calcular atraso no prazo de entrega da China" classname="Aprender Cucumber" time="0.002">
    <system-out><![CDATA[
  @unitários @tipo1 @tipo2
  Cenario: Deve calcular atraso no prazo de entrega da China &amp#27;[90m# src/test/resources/features/aprender_cucumber.feature:33&amp#27;[0m
Thu Apr 05 00:00:00 BRT 2018
    &amp#27;[32mDado &amp#27;[0m&amp#27;[32mque a entrega é dia &amp#27;[0m&amp#27;[32m&amp#27;[1m05/04/2018&amp#27;[0m                      &amp#27;[90m# AprenderCucumberSteps.queAEntregaÉDia(Date)&amp#27;[0m
    &amp#27;[32mQuando &amp#27;[0m&amp#27;[32ma entrega atrasar em &amp#27;[0m&amp#27;[32m&amp#27;[1m2&amp#27;[0m&amp#27;[32m &amp#27;[0m&amp#27;[32m&amp#27;[1mmeses&amp#27;[0m                      &amp#27;[90m# AprenderCucumberSteps.aEntregaAtrasarEmDias(int,String)&amp#27;[0m
    &amp#27;[32mEntão &amp#27;[0m&amp#27;[32ma entrega será efetuada em &amp#27;[0m&amp#27;[32m&amp#27;[1m05/06/2018&amp#27;[0m              &amp#27;[90m# AprenderCucumberSteps.aEntregaSeráEfetuadaEm(String)&amp#27;[0m
]]></system-out>
  </testcase>
  <testcase name="Deve criar steps genéricos para estes passos" classname="Aprender Cucumber" time="0.005">
    <system-out><![CDATA[
  @unitários
  Cenário: Deve criar steps genéricos para estes passos &amp#27;[90m# src/test/resources/features/aprender_cucumber.feature:40&amp#27;[0m
    &amp#27;[32mDado &amp#27;[0m&amp#27;[32mque o ticket é &amp#27;[0m&amp#27;[32m&amp#27;[1mAF345&amp#27;[0m                           &amp#27;[90m# AprenderCucumberSteps.queOTicketÉAF(String,String)&amp#27;[0m
23045.0
    &amp#27;[32mDado &amp#27;[0m&amp#27;[32mque o valor da passagem é R$ &amp#27;[0m&amp#27;[32m&amp#27;[1m230,45&amp#27;[0m            &amp#27;[90m# AprenderCucumberSteps.queOValorDaPassagemÉR$(Double)&amp#27;[0m
    &amp#27;[32mDado &amp#27;[0m&amp#27;[32mque o nome do passageiro é "&amp#27;[0m&amp#27;[32m&amp#27;[1mFulano da Silva&amp#27;[0m&amp#27;[32m"&amp#27;[0m   &amp#27;[90m# AprenderCucumberSteps.queONomeDoPassageiroÉ(String)&amp#27;[0m
    &amp#27;[32mDado &amp#27;[0m&amp#27;[32mque o telefone do passageiro é &amp#27;[0m&amp#27;[32m&amp#27;[1m9999-9999&amp#27;[0m       &amp#27;[90m# AprenderCucumberSteps.queOTelefoneDoPassageiroÉ(String)&amp#27;[0m
    &amp#27;[32mQuando &amp#27;[0m&amp#27;[32mcriar os steps&amp#27;[0m                               &amp#27;[90m# AprenderCucumberSteps.criarOsSteps()&amp#27;[0m
    &amp#27;[32mEntão &amp#27;[0m&amp#27;[32mo teste vai funcionar&amp#27;[0m                         &amp#27;[90m# AprenderCucumberSteps.oTesteVaiFuncionar()&amp#27;[0m
]]></system-out>
  </testcase>
  <testcase name="Deve reaproveitar os steps &quot;Dado&quot; do cenário anterior" classname="Aprender Cucumber" time="0.003">
    <system-out><![CDATA[
  @unitários
  Cenário: Deve reaproveitar os steps "Dado" do cenário anterior &amp#27;[90m# src/test/resources/features/aprender_cucumber.feature:48&amp#27;[0m
    &amp#27;[32mDado &amp#27;[0m&amp#27;[32mque o ticket é &amp#27;[0m&amp#27;[32m&amp#27;[1mAB167&amp#27;[0m                                    &amp#27;[90m# AprenderCucumberSteps.queOTicketÉAF(String,String)&amp#27;[0m
    &amp#27;[32mDado &amp#27;[0m&amp#27;[32mque o ticket&amp#27;[0m&amp#27;[32m&amp#27;[1m especial&amp#27;[0m&amp#27;[32m é &amp#27;[0m&amp#27;[32m&amp#27;[1mAB167&amp#27;[0m                           &amp#27;[90m# AprenderCucumberSteps.queOTicketÉAF(String,String)&amp#27;[0m
112023.0
    &amp#27;[32mDado &amp#27;[0m&amp#27;[32mque o valor da passagem é R$ &amp#27;[0m&amp#27;[32m&amp#27;[1m1120,23&amp#27;[0m                    &amp#27;[90m# AprenderCucumberSteps.queOValorDaPassagemÉR$(Double)&amp#27;[0m
    &amp#27;[32mDado &amp#27;[0m&amp#27;[32mque o nome do passageiro é "&amp#27;[0m&amp#27;[32m&amp#27;[1mCicrano de Oliveira&amp#27;[0m&amp#27;[32m"&amp#27;[0m        &amp#27;[90m# AprenderCucumberSteps.queONomeDoPassageiroÉ(String)&amp#27;[0m
    &amp#27;[32mDado &amp#27;[0m&amp#27;[32mque o telefone do passageiro é &amp#27;[0m&amp#27;[32m&amp#27;[1m9888-8888&amp#27;[0m                &amp#27;[90m# AprenderCucumberSteps.queOTelefoneDoPassageiroÉ(String)&amp#27;[0m
]]></system-out>
  </testcase>
</testsuite>